<?xml version="1.0" encoding="UTF-8"?>
<!-- Generated by org.testng.reporters.JUnitReportReporter -->
<testsuite skipped="0" hostname="mathuviki" name="Week3day1.CreateLead2" tests="2" failures="0" timestamp="29 Aug 2018 04:15:54 GMT" time="31.594" errors="0">
  <testcase name="login" time="16.610" classname="Week3day1.CreateLead2"/>
  <testcase name="login" time="14.984" classname="Week3day1.CreateLead2"/>
</testsuite> <!-- Week3day1.CreateLead2 -->
