<?xml version="1.0" encoding="UTF-8"?>
<!-- Generated by org.testng.reporters.JUnitReportReporter -->
<testsuite skipped="0" hostname="mathuviki" name="Week3day1.Sort" tests="5" failures="0" timestamp="23 Aug 2018 06:31:07 GMT" time="35.534" errors="0">
  <testcase name="method2" time="0.021" classname="Week3day1.Sort"/>
  <testcase name="main" time="13.566" classname="Week3day1.Sort"/>
  <testcase name="main" time="9.677" classname="Week3day1.Sort"/>
  <testcase name="main" time="12.267" classname="Week3day1.Sort"/>
  <testcase name="method3" time="0.003" classname="Week3day1.Sort"/>
</testsuite> <!-- Week3day1.Sort -->
