<?xml version="1.0" encoding="UTF-8"?>
<!-- Generated by org.testng.reporters.JUnitReportReporter -->
<testsuite skipped="0" hostname="mathuviki" name="testcases.Login" tests="2" failures="0" timestamp="23 Aug 2018 04:15:01 GMT" time="15.391" errors="0">
  <testcase name="login" time="7.192" classname="testcases.Login"/>
  <testcase name="login" time="8.199" classname="testcases.Login"/>
</testsuite> <!-- testcases.Login -->
