<?xml version="1.0" encoding="UTF-8"?>
<!-- Generated by org.testng.reporters.JUnitReportReporter -->
<testsuite skipped="0" hostname="mathuviki" name="testcases.sam" tests="4" failures="0" timestamp="27 Aug 2018 10:29:37 GMT" time="0.039" errors="0">
  <testcase name="test1" time="0.006" classname="testcases.sam"/>
  <testcase name="test4" time="0.007" classname="testcases.sam"/>
  <testcase name="test3" time="0.022" classname="testcases.sam"/>
  <testcase name="test2" time="0.004" classname="testcases.sam"/>
</testsuite> <!-- testcases.sam -->
