<?xml version="1.0" encoding="UTF-8"?>
<!-- Generated by org.testng.reporters.JUnitReportReporter -->
<testsuite skipped="0" hostname="mathuviki" name="Week1day1.Login" tests="1" failures="0" timestamp="26 Aug 2018 05:14:10 GMT" time="7.062" errors="0">
  <testcase name="main" time="7.062" classname="Week1day1.Login"/>
</testsuite> <!-- Week1day1.Login -->
